
--- Job bui_scenarios.gms Start 07/11/19 11:54:51 24.7.4 r58773 WEX-WEI x86 64bit/MS Windows
GAMS 24.7.4   Copyright (C) 1987-2016 GAMS Development. All rights reserved
Licensee: UCL Energy Institute                           W151014:0929AO-WIN
          University College London                                 DC11723
          License for teaching and research at degree granting institutions
--- Starting compilation
--- bui_scenarios.gms(12) 3 Mb
--- call gdxxrw "MB - Hydropower results v3.xlsx" o=hydro_scenarios par=B_Output Rng='Bui!A1:BB64' rdim=1 cdim=1 par=a_base_output Rng='Akosombo_Bui_offline!A1:BB64' rdim=1 cdim=1 par=a_bui_output Rng='Akosombo_Bui_online!A1:BB64' rdim=1 cdim=1

GDXXRW           24.7.4 r58773 Released Sep 19, 2016 VS8 x86 32bit/MS Windows 
Input file : C:\Work\IFPRI CGE\Bui Dam scenario\MB - Hydropower results v3.xlsx
Output file: C:\Work\IFPRI CGE\Bui Dam scenario\hydro_scenarios.gdx
Total time = 3282 Ms
--- bui_scenarios.gms(13) 3 Mb
--- GDXin=C:\Work\IFPRI CGE\Bui Dam scenario\hydro_scenarios.gdx
--- bui_scenarios.gms(30) 3 Mb
--- Starting execution: elapsed 0:00:03.720
--- bui_scenarios.gms(29) 5 Mb
--- GDX File C:\Work\IFPRI CGE\Bui Dam scenario\hydro_output.gdx
*** Status: Normal completion
--- Job bui_scenarios.gms Stop 07/11/19 11:54:54 elapsed 0:00:03.732
